Start testing: Apr 05 14:08 India Standard Time
----------------------------------------------------------
1/1 Testing: minigit_smoke_tests
1/1 Test: minigit_smoke_tests
Command: "C:/Users/eshan/OneDrive/Documents/Minigit/build_mingw/minigit_smoke_tests.exe"
Directory: C:/Users/eshan/OneDrive/Documents/Minigit/build_mingw
"minigit_smoke_tests" start time: Apr 05 14:08 India Standard Time
Output:
----------------------------------------------------------
Repository is not initialized. Use Init before adding files.
Initialized empty MiniGit repository in "C:\\Users\\eshan\\AppData\\Local\\Temp\\minigit_smoke_repo\\.minigit"
Repository already initialized.
Added alpha.txt to staging area.
Added alpha.txt to staging area.
Created branch: feature
Current branch is now: feature
Added beta.txt to staging area.
Switched to branch master.
Commit or discard modified files before merging.
Added alpha.txt to staging area.
Cannot stage internal/build file: build/generated.txt
Committed on branch master with ID: 1775378281755
Merged feature into master
Checked out commit: 1775378281665 on branch master
Switched to branch feature.
MiniGit smoke tests passed.
<end of output>
Test time =   0.37 sec
----------------------------------------------------------
Test Passed.
"minigit_smoke_tests" end time: Apr 05 14:08 India Standard Time
"minigit_smoke_tests" time elapsed: 00:00:00
----------------------------------------------------------

End testing: Apr 05 14:08 India Standard Time
